1769509623: mosquitto version 2.0.22 starting
1769509623: Config loaded from /mosquitto/config/mosquitto.conf.
1769509623: Opening ipv4 listen socket on port 1883.
1769509623: Opening ipv6 listen socket on port 1883.
1769509623: Opening websockets listen socket on port 9001.
1769509623: mosquitto version 2.0.22 running
1769509633: New connection from 172.22.0.4:37391 on port 1883.
1769509633: New client connected from 172.22.0.4:37391 as auto-D0683A13-AA39-6B3C-E810-EDB7CC47F349 (p2, c1, k60).
1769509633: No will message specified.
1769509633: Sending CONNACK to auto-D0683A13-AA39-6B3C-E810-EDB7CC47F349 (0, 0)
1769509633: Received SUBSCRIBE from auto-D0683A13-AA39-6B3C-E810-EDB7CC47F349
1769509633: 	campus/cassiope/C101/sensors/# (QoS 0)
1769509633: auto-D0683A13-AA39-6B3C-E810-EDB7CC47F349 0 campus/cassiope/C101/sensors/#
1769509633: Sending SUBACK to auto-D0683A13-AA39-6B3C-E810-EDB7CC47F349
1769509693: Received PINGREQ from auto-D0683A13-AA39-6B3C-E810-EDB7CC47F349
1769509693: Sending PINGRESP to auto-D0683A13-AA39-6B3C-E810-EDB7CC47F349
1769509753: Received PINGREQ from auto-D0683A13-AA39-6B3C-E810-EDB7CC47F349
1769509753: Sending PINGRESP to auto-D0683A13-AA39-6B3C-E810-EDB7CC47F349
1769509809: mosquitto version 2.0.22 terminating
1769509809: Saving in-memory database to /mosquitto/data//mosquitto.db.
1769510749: mosquitto version 2.0.22 starting
1769510749: Config loaded from /mosquitto/config/mosquitto.conf.
1769510749: Opening ipv4 listen socket on port 1883.
1769510749: Opening ipv6 listen socket on port 1883.
1769510749: Opening websockets listen socket on port 9001.
1769510749: mosquitto version 2.0.22 running
1769510751: New connection from 172.18.0.4:41215 on port 1883.
1769510751: New client connected from 172.18.0.4:41215 as auto-D5E3532D-4D58-7F05-1BDD-0E0AC4C8F7BD (p2, c1, k60).
1769510751: No will message specified.
1769510751: Sending CONNACK to auto-D5E3532D-4D58-7F05-1BDD-0E0AC4C8F7BD (0, 0)
1769510751: Received SUBSCRIBE from auto-D5E3532D-4D58-7F05-1BDD-0E0AC4C8F7BD
1769510751: 	campus/cassiope/C101/sensors/# (QoS 0)
1769510751: auto-D5E3532D-4D58-7F05-1BDD-0E0AC4C8F7BD 0 campus/cassiope/C101/sensors/#
1769510751: Sending SUBACK to auto-D5E3532D-4D58-7F05-1BDD-0E0AC4C8F7BD
1769510811: Received PINGREQ from auto-D5E3532D-4D58-7F05-1BDD-0E0AC4C8F7BD
1769510811: Sending PINGRESP to auto-D5E3532D-4D58-7F05-1BDD-0E0AC4C8F7BD
1769510845: New connection from ::1:59464 on port 1883.
1769510845: New client connected from ::1:59464 as auto-FA25F8C3-E3C1-87C7-8B9E-065F175891BE (p2, c1, k60).
1769510845: No will message specified.
1769510845: Sending CONNACK to auto-FA25F8C3-E3C1-87C7-8B9E-065F175891BE (0, 0)
1769510845: Received PUBLISH from auto-FA25F8C3-E3C1-87C7-8B9E-065F175891BE (d0, q1, r0, m1, 'campus/cassiope/C101/sensors/temperature', ... (30 bytes))
1769510845: Sending PUBLISH to auto-D5E3532D-4D58-7F05-1BDD-0E0AC4C8F7BD (d0, q0, r0, m0, 'campus/cassiope/C101/sensors/temperature', ... (30 bytes))
1769510845: Sending PUBACK to auto-FA25F8C3-E3C1-87C7-8B9E-065F175891BE (m1, rc0)
1769510845: Received DISCONNECT from auto-FA25F8C3-E3C1-87C7-8B9E-065F175891BE
1769510845: Client auto-FA25F8C3-E3C1-87C7-8B9E-065F175891BE disconnected.
1769510872: Received PINGREQ from auto-D5E3532D-4D58-7F05-1BDD-0E0AC4C8F7BD
1769510872: Sending PINGRESP to auto-D5E3532D-4D58-7F05-1BDD-0E0AC4C8F7BD
1769510932: Received PINGREQ from auto-D5E3532D-4D58-7F05-1BDD-0E0AC4C8F7BD
1769510932: Sending PINGRESP to auto-D5E3532D-4D58-7F05-1BDD-0E0AC4C8F7BD
1769510992: Received PINGREQ from auto-D5E3532D-4D58-7F05-1BDD-0E0AC4C8F7BD
1769510992: Sending PINGRESP to auto-D5E3532D-4D58-7F05-1BDD-0E0AC4C8F7BD
1769511053: Received PINGREQ from auto-D5E3532D-4D58-7F05-1BDD-0E0AC4C8F7BD
1769511053: Sending PINGRESP to auto-D5E3532D-4D58-7F05-1BDD-0E0AC4C8F7BD
1769511113: Received PINGREQ from auto-D5E3532D-4D58-7F05-1BDD-0E0AC4C8F7BD
1769511113: Sending PINGRESP to auto-D5E3532D-4D58-7F05-1BDD-0E0AC4C8F7BD
1769511173: Received PINGREQ from auto-D5E3532D-4D58-7F05-1BDD-0E0AC4C8F7BD
1769511173: Sending PINGRESP to auto-D5E3532D-4D58-7F05-1BDD-0E0AC4C8F7BD
1769511233: Received PINGREQ from auto-D5E3532D-4D58-7F05-1BDD-0E0AC4C8F7BD
1769511233: Sending PINGRESP to auto-D5E3532D-4D58-7F05-1BDD-0E0AC4C8F7BD
1769511294: Received PINGREQ from auto-D5E3532D-4D58-7F05-1BDD-0E0AC4C8F7BD
1769511294: Sending PINGRESP to auto-D5E3532D-4D58-7F05-1BDD-0E0AC4C8F7BD
1769511354: Received PINGREQ from auto-D5E3532D-4D58-7F05-1BDD-0E0AC4C8F7BD
1769511354: Sending PINGRESP to auto-D5E3532D-4D58-7F05-1BDD-0E0AC4C8F7BD
1769511414: Received PINGREQ from auto-D5E3532D-4D58-7F05-1BDD-0E0AC4C8F7BD
1769511414: Sending PINGRESP to auto-D5E3532D-4D58-7F05-1BDD-0E0AC4C8F7BD
1769511475: Received PINGREQ from auto-D5E3532D-4D58-7F05-1BDD-0E0AC4C8F7BD
1769511475: Sending PINGRESP to auto-D5E3532D-4D58-7F05-1BDD-0E0AC4C8F7BD
1769511535: Received PINGREQ from auto-D5E3532D-4D58-7F05-1BDD-0E0AC4C8F7BD
1769511535: Sending PINGRESP to auto-D5E3532D-4D58-7F05-1BDD-0E0AC4C8F7BD
1769511595: Received PINGREQ from auto-D5E3532D-4D58-7F05-1BDD-0E0AC4C8F7BD
1769511595: Sending PINGRESP to auto-D5E3532D-4D58-7F05-1BDD-0E0AC4C8F7BD
1769511655: Received PINGREQ from auto-D5E3532D-4D58-7F05-1BDD-0E0AC4C8F7BD
1769511655: Sending PINGRESP to auto-D5E3532D-4D58-7F05-1BDD-0E0AC4C8F7BD
1769511664: Received PUBLISH from auto-D5E3532D-4D58-7F05-1BDD-0E0AC4C8F7BD (d0, q1, r0, m2, 'campus/cassiope/C101/actuators/heating/mode', ... (4 bytes))
1769511664: Sending PUBACK to auto-D5E3532D-4D58-7F05-1BDD-0E0AC4C8F7BD (m2, rc0)
1769511664: Received PUBLISH from auto-D5E3532D-4D58-7F05-1BDD-0E0AC4C8F7BD (d0, q1, r0, m3, 'campus/cassiope/C101/actuators/heating/setpoint', ... (4 bytes))
1769511664: Sending PUBACK to auto-D5E3532D-4D58-7F05-1BDD-0E0AC4C8F7BD (m3, rc0)
1769511665: Received PUBLISH from auto-D5E3532D-4D58-7F05-1BDD-0E0AC4C8F7BD (d0, q1, r0, m4, 'campus/cassiope/C101/actuators/heating/mode', ... (4 bytes))
1769511665: Sending PUBACK to auto-D5E3532D-4D58-7F05-1BDD-0E0AC4C8F7BD (m4, rc0)
1769511665: Received PUBLISH from auto-D5E3532D-4D58-7F05-1BDD-0E0AC4C8F7BD (d0, q1, r0, m5, 'campus/cassiope/C101/actuators/heating/setpoint', ... (4 bytes))
1769511665: Sending PUBACK to auto-D5E3532D-4D58-7F05-1BDD-0E0AC4C8F7BD (m5, rc0)
1769511665: Received PUBLISH from auto-D5E3532D-4D58-7F05-1BDD-0E0AC4C8F7BD (d0, q1, r0, m6, 'campus/cassiope/C101/actuators/heating/mode', ... (4 bytes))
1769511665: Sending PUBACK to auto-D5E3532D-4D58-7F05-1BDD-0E0AC4C8F7BD (m6, rc0)
1769511665: Received PUBLISH from auto-D5E3532D-4D58-7F05-1BDD-0E0AC4C8F7BD (d0, q1, r0, m7, 'campus/cassiope/C101/actuators/heating/setpoint', ... (4 bytes))
1769511665: Sending PUBACK to auto-D5E3532D-4D58-7F05-1BDD-0E0AC4C8F7BD (m7, rc0)
1769511665: Received PUBLISH from auto-D5E3532D-4D58-7F05-1BDD-0E0AC4C8F7BD (d0, q1, r0, m8, 'campus/cassiope/C101/actuators/heating/mode', ... (4 bytes))
1769511665: Sending PUBACK to auto-D5E3532D-4D58-7F05-1BDD-0E0AC4C8F7BD (m8, rc0)
1769511665: Received PUBLISH from auto-D5E3532D-4D58-7F05-1BDD-0E0AC4C8F7BD (d0, q1, r0, m9, 'campus/cassiope/C101/actuators/heating/setpoint', ... (4 bytes))
1769511665: Sending PUBACK to auto-D5E3532D-4D58-7F05-1BDD-0E0AC4C8F7BD (m9, rc0)
1769511716: Received PINGREQ from auto-D5E3532D-4D58-7F05-1BDD-0E0AC4C8F7BD
1769511716: Sending PINGRESP to auto-D5E3532D-4D58-7F05-1BDD-0E0AC4C8F7BD
1769511776: Received PINGREQ from auto-D5E3532D-4D58-7F05-1BDD-0E0AC4C8F7BD
1769511776: Sending PINGRESP to auto-D5E3532D-4D58-7F05-1BDD-0E0AC4C8F7BD
1769511837: Received PINGREQ from auto-D5E3532D-4D58-7F05-1BDD-0E0AC4C8F7BD
1769511837: Sending PINGRESP to auto-D5E3532D-4D58-7F05-1BDD-0E0AC4C8F7BD
1769511897: Received PINGREQ from auto-D5E3532D-4D58-7F05-1BDD-0E0AC4C8F7BD
1769511897: Sending PINGRESP to auto-D5E3532D-4D58-7F05-1BDD-0E0AC4C8F7BD
